<?xml version="1.0" encoding="UTF-8"?>
<testsuites name="UserValidation" time="2.408" tests="1" failures="0" errors="0">
   <testsuite name="UserValidation" tests="1" failures="0" errors="0" time="2.408" skipped="0" timestamp="2023-12-11 10:56:53" hostname="Fachry Ramadhan - LAPTOP-7I8JFCUE" id="Test Suites/UserTestSuites/UserValidation">
      <properties>
         <property name="deviceName" value=""/>
         <property name="devicePlatform" value=""/>
         <property name="logFolder" value="C:\\Users\\Fachry Ramadhan\\git\\TestKatalonAPI\\Reports\\20231211_105650\\UserTestSuites\\UserValidation\\20231211_105651"/>
         <property name="logFiles" value="C:\\Users\\Fachry Ramadhan\\git\\TestKatalonAPI\\Reports\\20231211_105650\\UserTestSuites\\UserValidation\\20231211_105651\\execution0.log"/>
         <property name="attachments" value=""/>
         <property name="hostName" value="Fachry Ramadhan - LAPTOP-7I8JFCUE"/>
         <property name="hostAddress" value="192.168.56.1"/>
         <property name="os" value="Windows 10 64bit"/>
         <property name="katalonVersion" value="8.6.8.208"/>
      </properties>
      <testcase name="Test Cases/User/Validate User Details" time="2.203" classname="Test Cases/User/Validate User Details" status="PASSED">
         <system-out><![CDATA[2023-12-11 10:56:53 - [TEST_CASE][PASSED] - Test Cases/User/Validate User Details: Test Cases/User/Validate User Details

2023-12-11 10:56:53 - [TEST_STEP][PASSED] - response = sendRequest(findTestObject("User/GetUserDetails")): Send request successfully

2023-12-11 10:56:55 - [MESSAGE][INFO] - HAR: C:\Users\Fachry Ramadhan\git\TestKatalonAPI\Reports\20231211_105650\UserTestSuites\UserValidation\20231211_105651\requests\main\0.har

2023-12-11 10:56:55 - [MESSAGE][PASSED] - Send request successfully

2023-12-11 10:56:55 - [TEST_STEP][PASSED] - verifyResponseStatusCode(response, 200): Verify response status code successfully

2023-12-11 10:56:55 - [MESSAGE][PASSED] - Verify response status code successfully

2023-12-11 10:56:55 - [TEST_STEP][PASSED] - verifyElementPropertyValue(response, "data.email", "janet.weaver@reqres.in"): Verify element property value successfully

2023-12-11 10:56:55 - [MESSAGE][PASSED] - Verify element property value successfully]]></system-out>
         <system-err><![CDATA[]]></system-err>
      </testcase>
      <system-out><![CDATA[2023-12-11 10:56:53 - [TEST_SUITE][PASSED] - UserValidation: Test Cases/User/Validate User Details]]></system-out>
      <system-err><![CDATA[]]></system-err>
   </testsuite>
</testsuites>
